<?xml version="1.0" encoding="UTF-8"?>
<!-- Generated by org.testng.reporters.JUnitReportReporter -->
<testsuite hostname="NST-AGAM" name="com.twentyeighty.functional.LicenseInCPCTest" tests="1" failures="0" timestamp="11 Aug 2017 14:11:55 GMT" time="356.594" errors="0">
  <testcase name="LicenseInfoInCPC" time="356.594" classname="com.twentyeighty.functional.LicenseInCPCTest"/>
</testsuite> <!-- com.twentyeighty.functional.LicenseInCPCTest -->
