<?xml version="1.0" encoding="UTF-8"?>
<!-- Generated by org.testng.reporters.JUnitReportReporter -->
<testsuite hostname="NST-AGAM" name="com.twentyeighty.functional.Databasetest" tests="1" failures="0" timestamp="19 Jul 2017 10:39:43 GMT" time="18.565" errors="0">
  <testcase name="testDatabase" time="18.565" classname="com.twentyeighty.functional.Databasetest"/>
</testsuite> <!-- com.twentyeighty.functional.Databasetest -->
