<?xml version="1.0" encoding="UTF-8"?>
<!-- Generated by org.testng.reporters.JUnitReportReporter -->
<testsuite hostname="NST-AGAM" name="com.twentyeighty.functional.MyESITest" tests="1" failures="0" timestamp="19 Jul 2017 13:23:53 GMT" time="34.853" errors="0">
  <testcase name="MyesiRegistration" time="34.853" classname="com.twentyeighty.functional.MyESITest"/>
</testsuite> <!-- com.twentyeighty.functional.MyESITest -->
