<?xml version="1.0" encoding="UTF-8"?>
<!-- Generated by org.testng.reporters.JUnitReportReporter -->
<testsuite hostname="NST-AGAM" name="com.twentyeighty.functional.SmilLicenseCreateTest" tests="1" failures="0" timestamp="3 Aug 2017 15:46:26 GMT" time="266.074" errors="0">
  <testcase name="SmilApplicationLicenseCreation" time="266.074" classname="com.twentyeighty.functional.SmilLicenseCreateTest"/>
</testsuite> <!-- com.twentyeighty.functional.SmilLicenseCreateTest -->
