<?xml version="1.0" encoding="UTF-8"?>
<!-- Generated by org.testng.reporters.JUnitReportReporter -->
<testsuite hostname="NST-AGAM" name="com.twentyeighty.functional.ApprovalFromCPC" tests="1" failures="0" timestamp="31 Jul 2017 12:32:22 GMT" time="75.153" errors="0">
  <testcase name="MyesiRegistration" time="75.153" classname="com.twentyeighty.functional.ApprovalFromCPC"/>
</testsuite> <!-- com.twentyeighty.functional.ApprovalFromCPC -->
