<?xml version="1.0" encoding="UTF-8"?>
<!-- Generated by org.testng.reporters.JUnitReportReporter -->
<testsuite hostname="NST-AGAM" name="com.twentyeighty.functional.SmilLicenseTest" tests="1" failures="0" timestamp="29 Jun 2017 11:32:36 GMT" time="103.185" errors="0">
  <testcase name="SmilApplicationLicense" time="103.185" classname="com.twentyeighty.functional.SmilLicenseTest"/>
</testsuite> <!-- com.twentyeighty.functional.SmilLicenseTest -->
