<?xml version="1.0" encoding="UTF-8"?>
<!-- Generated by org.testng.reporters.JUnitReportReporter -->
<testsuite hostname="NST-LOVEKESH" name="com.queenslibrary.functional.test1" tests="1" failures="0" timestamp="7 Mar 2016 09:17:02 GMT" time="3.310" errors="0">
  <testcase name="test" time="3.310" classname="com.queenslibrary.functional.test1"/>
</testsuite> <!-- com.queenslibrary.functional.test1 -->
