<?xml version="1.0" encoding="UTF-8"?>
<!-- Generated by org.testng.reporters.JUnitReportReporter -->
<testsuite hostname="NST-GGARG" name="com.queenslibrary.functional.Homepage" tests="1" failures="0" timestamp="9 Mar 2016 18:49:55 GMT" time="3.299" errors="0">
  <testcase name="test" time="3.299" classname="com.queenslibrary.functional.Homepage"/>
</testsuite> <!-- com.queenslibrary.functional.Homepage -->
