<?xml version="1.0" encoding="UTF-8"?>
<!-- Generated by org.testng.reporters.JUnitReportReporter -->
<testsuite hostname="NST-AGAM" name="com.twentyeighty.functional.SignUpTest" tests="1" failures="0" timestamp="22 Jun 2017 09:23:44 GMT" time="17.347" errors="0">
  <testcase name="signUp" time="17.347" classname="com.twentyeighty.functional.SignUpTest"/>
</testsuite> <!-- com.twentyeighty.functional.SignUpTest -->
