<?xml version="1.0" encoding="UTF-8"?>
<!-- Generated by org.testng.reporters.JUnitReportReporter -->
<testsuite hostname="NST-AGAM" name="com.twentyeighty.functional.MyESISignTest" tests="1" failures="0" timestamp="21 Jul 2017 10:42:37 GMT" time="96.649" errors="0">
  <testcase name="SignIn" time="96.649" classname="com.twentyeighty.functional.MyESISignTest"/>
</testsuite> <!-- com.twentyeighty.functional.MyESISignTest -->
