<?xml version="1.0" encoding="UTF-8"?>
<!-- Generated by org.testng.reporters.JUnitReportReporter -->
<testsuite hostname="NST-AGAM" name="com.twentyeighty.functional.LearningPortalTest" tests="1" failures="0" timestamp="31 Jul 2017 12:32:22 GMT" time="41.230" errors="0">
  <testcase name="AccountSetUpLink" time="41.230" classname="com.twentyeighty.functional.LearningPortalTest"/>
</testsuite> <!-- com.twentyeighty.functional.LearningPortalTest -->
