<?xml version="1.0" encoding="UTF-8"?>
<!-- Generated by org.testng.reporters.JUnitReportReporter -->
<testsuite hostname="NST-AGAM" name="com.twentyeighty.functional.ResellerResgistrationTest" tests="1" failures="0" timestamp="1 Feb 2018 08:05:58 GMT" time="88.958" errors="0">
  <testcase name="registerationReseller" time="88.958" classname="com.twentyeighty.functional.ResellerResgistrationTest"/>
</testsuite> <!-- com.twentyeighty.functional.ResellerResgistrationTest -->
