<?xml version="1.0" encoding="UTF-8"?>
<!-- Generated by org.testng.reporters.JUnitReportReporter -->
<testsuite hostname="NST-AGAM" name="com.twentyeighty.functional.AdminTest" tests="1" failures="0" timestamp="28 Jul 2017 08:00:25 GMT" time="340.958" errors="0">
  <testcase name="AdminCreation" time="340.958" classname="com.twentyeighty.functional.AdminTest"/>
</testsuite> <!-- com.twentyeighty.functional.AdminTest -->
