<?xml version="1.0" encoding="UTF-8"?>
<!-- Generated by org.testng.reporters.JUnitReportReporter -->
<testsuite hostname="NST-AGAM" name="com.svam.functional.SignUpTest" tests="1" failures="0" timestamp="22 Jun 2017 08:44:33 GMT" time="24.772" errors="0">
  <testcase name="signUp" time="24.772" classname="com.svam.functional.SignUpTest"/>
</testsuite> <!-- com.svam.functional.SignUpTest -->
