<?xml version="1.0" encoding="UTF-8"?>
<!-- Generated by org.testng.reporters.JUnitReportReporter -->
<testsuite hostname="NST-AGAM" name="com.svam.functional.HomePage" tests="1" failures="0" timestamp="5 May 2017 09:16:34 GMT" time="10.659" errors="0">
  <testcase name="test" time="10.659" classname="com.svam.functional.HomePage"/>
</testsuite> <!-- com.svam.functional.HomePage -->
