<?xml version="1.0" encoding="UTF-8"?>
<!-- Generated by org.testng.reporters.JUnitReportReporter -->
<testsuite hostname="NST-AGAM" name="com.twentyeighty.functional.PublicWebsiteRegistrationTest" tests="1" failures="0" timestamp="12 Jan 2018 07:25:58 GMT" time="180.339" errors="0">
  <testcase name="registrationTest" time="180.339" classname="com.twentyeighty.functional.PublicWebsiteRegistrationTest"/>
</testsuite> <!-- com.twentyeighty.functional.PublicWebsiteRegistrationTest -->
